<?xml version="1.0" encoding="UTF-8"?>
<testsuite name="nure.canteen.CanteenApplicationTests" tests="1" skipped="0" failures="0" errors="0" timestamp="2020-09-23T15:19:57" hostname="MacBook-Pro-Vlad.local" time="0.265">
  <properties/>
  <testcase name="contextLoads()" classname="nure.canteen.CanteenApplicationTests" time="0.265"/>
  <system-out><![CDATA[18:19:51.077 [Test worker] DEBUG org.springframework.test.context.BootstrapUtils - Instantiating CacheAwareContextLoaderDelegate from class [org.springframework.test.context.cache.DefaultCacheAwareContextLoaderDelegate]
18:19:51.098 [Test worker] DEBUG org.springframework.test.context.BootstrapUtils - Instantiating BootstrapContext using constructor [public org.springframework.test.context.support.DefaultBootstrapContext(java.lang.Class,org.springframework.test.context.CacheAwareContextLoaderDelegate)]
18:19:51.186 [Test worker] DEBUG org.springframework.test.context.BootstrapUtils - Instantiating TestContextBootstrapper for test class [nure.canteen.CanteenApplicationTests] from class [org.springframework.boot.test.context.SpringBootTestContextBootstrapper]
18:19:51.225 [Test worker] INFO org.springframework.boot.test.context.SpringBootTestContextBootstrapper - Neither @ContextConfiguration nor @ContextHierarchy found for test class [nure.canteen.CanteenApplicationTests], using SpringBootContextLoader
18:19:51.237 [Test worker] DEBUG org.springframework.test.context.support.AbstractContextLoader - Did not detect default resource location for test class [nure.canteen.CanteenApplicationTests]: class path resource [nure/canteen/CanteenApplicationTests-context.xml] does not exist
18:19:51.238 [Test worker] DEBUG org.springframework.test.context.support.AbstractContextLoader - Did not detect default resource location for test class [nure.canteen.CanteenApplicationTests]: class path resource [nure/canteen/CanteenApplicationTestsContext.groovy] does not exist
18:19:51.238 [Test worker] INFO org.springframework.test.context.support.AbstractContextLoader - Could not detect default resource locations for test class [nure.canteen.CanteenApplicationTests]: no resource found for suffixes {-context.xml, Context.groovy}.
18:19:51.240 [Test worker] INFO org.springframework.test.context.support.AnnotationConfigContextLoaderUtils - Could not detect default configuration classes for test class [nure.canteen.CanteenApplicationTests]: CanteenApplicationTests does not declare any static, non-private, non-final, nested classes annotated with @Configuration.
18:19:51.303 [Test worker] DEBUG org.springframework.test.context.support.ActiveProfilesUtils - Could not find an 'annotation declaring class' for annotation type [org.springframework.test.context.ActiveProfiles] and class [nure.canteen.CanteenApplicationTests]
18:19:51.445 [Test worker] DEBUG org.springframework.context.annotation.ClassPathScanningCandidateComponentProvider - Identified candidate component class: file [/Users/vladosik/Desktop/test/backend/build/classes/java/main/nure/canteen/CanteenApplication.class]
18:19:51.447 [Test worker] INFO org.springframework.boot.test.context.SpringBootTestContextBootstrapper - Found @SpringBootConfiguration nure.canteen.CanteenApplication for test class nure.canteen.CanteenApplicationTests
18:19:51.597 [Test worker] DEBUG org.springframework.boot.test.context.SpringBootTestContextBootstrapper - @TestExecutionListeners is not present for class [nure.canteen.CanteenApplicationTests]: using defaults.
18:19:51.598 [Test worker] INFO org.springframework.boot.test.context.SpringBootTestContextBootstrapper - Loaded default TestExecutionListener class names from location [META-INF/spring.factories]: [org.springframework.boot.test.autoconfigure.restdocs.RestDocsTestExecutionListener, org.springframework.boot.test.autoconfigure.web.client.MockRestServiceServerResetTestExecutionListener, org.springframework.boot.test.autoconfigure.web.servlet.MockMvcPrintOnlyOnFailureTestExecutionListener, org.springframework.boot.test.autoconfigure.web.servlet.WebDriverTestExecutionListener, org.springframework.boot.test.mock.mockito.MockitoTestExecutionListener, org.springframework.boot.test.mock.mockito.ResetMocksTestExecutionListener, org.springframework.test.context.web.ServletTestExecutionListener, org.springframework.test.context.support.DirtiesContextBeforeModesTestExecutionListener, org.springframework.test.context.support.DependencyInjectionTestExecutionListener, org.springframework.test.context.support.DirtiesContextTestExecutionListener, org.springframework.test.context.transaction.TransactionalTestExecutionListener, org.springframework.test.context.jdbc.SqlScriptsTestExecutionListener, org.springframework.test.context.event.EventPublishingTestExecutionListener]
18:19:51.618 [Test worker] INFO org.springframework.boot.test.context.SpringBootTestContextBootstrapper - Using TestExecutionListeners: [org.springframework.test.context.web.ServletTestExecutionListener@5e2c5057, org.springframework.test.context.support.DirtiesContextBeforeModesTestExecutionListener@295f861c, org.springframework.boot.test.mock.mockito.MockitoTestExecutionListener@1d385458, org.springframework.boot.test.autoconfigure.SpringBootDependencyInjectionTestExecutionListener@2fe233e9, org.springframework.test.context.support.DirtiesContextTestExecutionListener@137060aa, org.springframework.test.context.transaction.TransactionalTestExecutionListener@464a7bbe, org.springframework.test.context.jdbc.SqlScriptsTestExecutionListener@190f6dbb, org.springframework.test.context.event.EventPublishingTestExecutionListener@27cc6808, org.springframework.boot.test.autoconfigure.restdocs.RestDocsTestExecutionListener@37a9396b, org.springframework.boot.test.autoconfigure.web.client.MockRestServiceServerResetTestExecutionListener@22ab33ab, org.springframework.boot.test.autoconfigure.web.servlet.MockMvcPrintOnlyOnFailureTestExecutionListener@40abe0f0, org.springframework.boot.test.autoconfigure.web.servlet.WebDriverTestExecutionListener@4e34cc5, org.springframework.boot.test.mock.mockito.ResetMocksTestExecutionListener@7a7f5f53]
18:19:51.623 [Test worker] DEBUG org.springframework.test.context.support.AbstractDirtiesContextTestExecutionListener - Before test class: context [DefaultTestContext@2ee1b1b6 testClass = CanteenApplicationTests, testInstance = [null], testMethod = [null], testException = [null], mergedContextConfiguration = [WebMergedContextConfiguration@55948e62 testClass = CanteenApplicationTests, locations = '{}', classes = '{class nure.canteen.CanteenApplication}', contextInitializerClasses = '[]', activeProfiles = '{}', propertySourceLocations = '{}', propertySourceProperties = '{org.springframework.boot.test.context.SpringBootTestContextBootstrapper=true}', contextCustomizers = set[org.springframework.boot.test.autoconfigure.properties.PropertyMappingContextCustomizer@0, org.springframework.boot.test.autoconfigure.web.servlet.WebDriverContextCustomizerFactory$Customizer@134c65ca, org.springframework.boot.test.context.filter.ExcludeFilterContextCustomizer@391cab46, org.springframework.boot.test.json.DuplicateJsonObjectContextCustomizerFactory$DuplicateJsonObjectContextCustomizer@32d445cf, org.springframework.boot.test.mock.mockito.MockitoContextCustomizer@0, org.springframework.boot.test.web.client.TestRestTemplateContextCustomizer@6ffcc85f, org.springframework.boot.test.context.SpringBootTestArgs@1], resourceBasePath = 'src/main/webapp', contextLoader = 'org.springframework.boot.test.context.SpringBootContextLoader', parent = [null]], attributes = map['org.springframework.test.context.web.ServletTestExecutionListener.activateListener' -> true]], class annotated with @DirtiesContext [false] with mode [null].
18:19:51.676 [Test worker] DEBUG org.springframework.test.context.support.TestPropertySourceUtils - Adding inlined properties to environment: {spring.jmx.enabled=false, org.springframework.boot.test.context.SpringBootTestContextBootstrapper=true, server.port=-1}

  .   ____          _            __ _ _
 /\\ / ___'_ __ _ _(_)_ __  __ _ \ \ \ \
( ( )\___ | '_ | '_| | '_ \/ _` | \ \ \ \
 \\/  ___)| |_)| | | | | || (_| |  ) ) ) )
  '  |____| .__|_| |_|_| |_\__, | / / / /
 =========|_|==============|___/=/_/_/_/
 :: Spring Boot ::        (v2.2.9.RELEASE)

2020-09-23 18:19:52.389  INFO 15232 --- [    Test worker] nure.canteen.CanteenApplicationTests     : Starting CanteenApplicationTests on MacBook-Pro-Vlad.local with PID 15232 (started by vladosik in /Users/vladosik/Desktop/test/backend)
2020-09-23 18:19:52.393  INFO 15232 --- [    Test worker] nure.canteen.CanteenApplicationTests     : No active profile set, falling back to default profiles: default
2020-09-23 18:19:53.287  INFO 15232 --- [    Test worker] .s.d.r.c.RepositoryConfigurationDelegate : Bootstrapping Spring Data JPA repositories in DEFAULT mode.
2020-09-23 18:19:53.389  INFO 15232 --- [    Test worker] .s.d.r.c.RepositoryConfigurationDelegate : Finished Spring Data repository scanning in 90ms. Found 1 JPA repository interfaces.
2020-09-23 18:19:54.099  INFO 15232 --- [    Test worker] com.zaxxer.hikari.HikariDataSource       : HikariPool-1 - Starting...
2020-09-23 18:19:54.309  INFO 15232 --- [    Test worker] com.zaxxer.hikari.HikariDataSource       : HikariPool-1 - Start completed.
2020-09-23 18:19:54.410  INFO 15232 --- [    Test worker] o.hibernate.jpa.internal.util.LogHelper  : HHH000204: Processing PersistenceUnitInfo [name: default]
2020-09-23 18:19:54.497  INFO 15232 --- [    Test worker] org.hibernate.Version                    : HHH000412: Hibernate ORM core version 5.4.18.Final
2020-09-23 18:19:54.685  INFO 15232 --- [    Test worker] o.hibernate.annotations.common.Version   : HCANN000001: Hibernate Commons Annotations {5.1.0.Final}
2020-09-23 18:19:54.946  INFO 15232 --- [    Test worker] org.hibernate.dialect.Dialect            : HHH000400: Using dialect: org.hibernate.dialect.PostgreSQL10Dialect
2020-09-23 18:19:56.033  INFO 15232 --- [    Test worker] o.h.e.t.j.p.i.JtaPlatformInitiator       : HHH000490: Using JtaPlatform implementation: [org.hibernate.engine.transaction.jta.platform.internal.NoJtaPlatform]
2020-09-23 18:19:56.041  INFO 15232 --- [    Test worker] j.LocalContainerEntityManagerFactoryBean : Initialized JPA EntityManagerFactory for persistence unit 'default'
2020-09-23 18:19:56.829  WARN 15232 --- [    Test worker] JpaBaseConfiguration$JpaWebConfiguration : spring.jpa.open-in-view is enabled by default. Therefore, database queries may be performed during view rendering. Explicitly configure spring.jpa.open-in-view to disable this warning
2020-09-23 18:19:57.228  INFO 15232 --- [    Test worker] o.s.s.concurrent.ThreadPoolTaskExecutor  : Initializing ExecutorService 'applicationTaskExecutor'
2020-09-23 18:19:57.379  INFO 15232 --- [    Test worker] o.s.b.a.w.s.WelcomePageHandlerMapping    : Adding welcome page: class path resource [static/index.html]
2020-09-23 18:19:57.838  INFO 15232 --- [    Test worker] nure.canteen.CanteenApplicationTests     : Started CanteenApplicationTests in 6.141 seconds (JVM running for 8.569)
]]></system-out>
  <system-err><![CDATA[]]></system-err>
</testsuite>
